
C:\Windows\System32\config\systemprofile\AppData\Local\Jenkins\.jenkins\QMS3.2\PDFsCopy>call xcopy "C:\Windows\System32\config\systemprofile\AppData\Local\Jenkins\.jenkins\QMS3.2\TestReport" "D:\PDFCopyFolder\QMS\Audit Management" /h /i /c /k /e /r /y 
C:\Windows\System32\config\systemprofile\AppData\Local\Jenkins\.jenkins\QMS3.2\TestReport\ActionItemApproveMC1300719533.pdf
C:\Windows\System32\config\systemprofile\AppData\Local\Jenkins\.jenkins\QMS3.2\TestReport\ActionItemPerformMC132807824.pdf
C:\Windows\System32\config\systemprofile\AppData\Local\Jenkins\.jenkins\QMS3.2\TestReport\ActionItemPerformRAModule-26961908.pdf
C:\Windows\System32\config\systemprofile\AppData\Local\Jenkins\.jenkins\QMS3.2\TestReport\ActionItemPerformRAModule1896041328.pdf
C:\Windows\System32\config\systemprofile\AppData\Local\Jenkins\.jenkins\QMS3.2\TestReport\ActionItemPerformRAModule243505365.pdf
C:\Windows\System32\config\systemprofile\AppData\Local\Jenkins\.jenkins\QMS3.2\TestReport\ActionItemPerformRAModule743551494.pdf
C:\Windows\System32\config\systemprofile\AppData\Local\Jenkins\.jenkins\QMS3.2\TestReport\ActionItemPerformRejected1363572483.pdf
C:\Windows\System32\config\systemprofile\AppData\Local\Jenkins\.jenkins\QMS3.2\TestReport\ActionItemReject-56681695.pdf
C:\Windows\System32\config\systemprofile\AppData\Local\Jenkins\.jenkins\QMS3.2\TestReport\CAPAApproveTaskCA-1826965727.pdf
C:\Windows\System32\config\systemprofile\AppData\Local\Jenkins\.jenkins\QMS3.2\TestReport\CAPAApproveTaskPA1342946363.pdf
C:\Windows\System32\config\systemprofile\AppData\Local\Jenkins\.jenkins\QMS3.2\TestReport\CAPACompletion-1054544969.pdf
C:\Windows\System32\config\systemprofile\AppData\Local\Jenkins\.jenkins\QMS3.2\TestReport\CAPACompletionApproval-1066666576.pdf
C:\Windows\System32\config\systemprofile\AppData\Local\Jenkins\.jenkins\QMS3.2\TestReport\CAPANewPlanCAorPA1700043104.pdf
C:\Windows\System32\config\systemprofile\AppData\Local\Jenkins\.jenkins\QMS3.2\TestReport\CAPAPerformTaskCA-67096912.pdf
C:\Windows\System32\config\systemprofile\AppData\Local\Jenkins\.jenkins\QMS3.2\TestReport\CAPAPerformTaskPA2020210626.pdf
C:\Windows\System32\config\systemprofile\AppData\Local\Jenkins\.jenkins\QMS3.2\TestReport\CCInitiation-1904939697.pdf
C:\Windows\System32\config\systemprofile\AppData\Local\Jenkins\.jenkins\QMS3.2\TestReport\CFTInvReviewDev-1451420969.pdf
C:\Windows\System32\config\systemprofile\AppData\Local\Jenkins\.jenkins\QMS3.2\TestReport\CFTRejectMC365348828.pdf
C:\Windows\System32\config\systemprofile\AppData\Local\Jenkins\.jenkins\QMS3.2\TestReport\CFTReviewerDev-79793414.pdf
C:\Windows\System32\config\systemprofile\AppData\Local\Jenkins\.jenkins\QMS3.2\TestReport\CFTReviewerRAModule-770579814.pdf
C:\Windows\System32\config\systemprofile\AppData\Local\Jenkins\.jenkins\QMS3.2\TestReport\CFTReviewerRAModule-958266940.pdf
C:\Windows\System32\config\systemprofile\AppData\Local\Jenkins\.jenkins\QMS3.2\TestReport\CFTReviewMCModule19057642.pdf
C:\Windows\System32\config\systemprofile\AppData\Local\Jenkins\.jenkins\QMS3.2\TestReport\CFTReviewRejectRA383256339.pdf
C:\Windows\System32\config\systemprofile\AppData\Local\Jenkins\.jenkins\QMS3.2\TestReport\CQAApproveRejectRA-1585877820.pdf
C:\Windows\System32\config\systemprofile\AppData\Local\Jenkins\.jenkins\QMS3.2\TestReport\CQAApproverRAModule-620895597.pdf
C:\Windows\System32\config\systemprofile\AppData\Local\Jenkins\.jenkins\QMS3.2\TestReport\CQAApproverRAModule1537025717.pdf
C:\Windows\System32\config\systemprofile\AppData\Local\Jenkins\.jenkins\QMS3.2\TestReport\CQAApproverRAModule1555077535.pdf
C:\Windows\System32\config\systemprofile\AppData\Local\Jenkins\.jenkins\QMS3.2\TestReport\CustomerResponseApproveRA830002617.pdf
C:\Windows\System32\config\systemprofile\AppData\Local\Jenkins\.jenkins\QMS3.2\TestReport\CustomerResponseRejectRA-1710889618.pdf
C:\Windows\System32\config\systemprofile\AppData\Local\Jenkins\.jenkins\QMS3.2\TestReport\DeptHODCAPAModuleCAorPA-1672857265.pdf
C:\Windows\System32\config\systemprofile\AppData\Local\Jenkins\.jenkins\QMS3.2\TestReport\DeptHODReviewCAPA-2000278432.pdf
C:\Windows\System32\config\systemprofile\AppData\Local\Jenkins\.jenkins\QMS3.2\TestReport\DeptReviewerApprove-1045672298.pdf
C:\Windows\System32\config\systemprofile\AppData\Local\Jenkins\.jenkins\QMS3.2\TestReport\DeptReviewerApprove-747794574.pdf
C:\Windows\System32\config\systemprofile\AppData\Local\Jenkins\.jenkins\QMS3.2\TestReport\DeptReviewerCC659399085.pdf
C:\Windows\System32\config\systemprofile\AppData\Local\Jenkins\.jenkins\QMS3.2\TestReport\DeptReviewerDev-1438990915.pdf
C:\Windows\System32\config\systemprofile\AppData\Local\Jenkins\.jenkins\QMS3.2\TestReport\DeptReviewerRAModule-1246991822.pdf
C:\Windows\System32\config\systemprofile\AppData\Local\Jenkins\.jenkins\QMS3.2\TestReport\DeptReviewerRAModule-1306938906.pdf
C:\Windows\System32\config\systemprofile\AppData\Local\Jenkins\.jenkins\QMS3.2\TestReport\DeptReviewerRAModule-265959074.pdf
C:\Windows\System32\config\systemprofile\AppData\Local\Jenkins\.jenkins\QMS3.2\TestReport\DeptReviewerRAModule-63508846.pdf
C:\Windows\System32\config\systemprofile\AppData\Local\Jenkins\.jenkins\QMS3.2\TestReport\DeptReviewerReject1707118541.pdf
C:\Windows\System32\config\systemprofile\AppData\Local\Jenkins\.jenkins\QMS3.2\TestReport\DeptReviewRejectRA829913670.pdf
C:\Windows\System32\config\systemprofile\AppData\Local\Jenkins\.jenkins\QMS3.2\TestReport\DeviationInitiation-328494190.pdf
C:\Windows\System32\config\systemprofile\AppData\Local\Jenkins\.jenkins\QMS3.2\TestReport\DeviationInitiation-85167520.pdf
C:\Windows\System32\config\systemprofile\AppData\Local\Jenkins\.jenkins\QMS3.2\TestReport\DeviationInitiation1465155656.pdf
C:\Windows\System32\config\systemprofile\AppData\Local\Jenkins\.jenkins\QMS3.2\TestReport\InvestigationPlanDev-1043183853.pdf
C:\Windows\System32\config\systemprofile\AppData\Local\Jenkins\.jenkins\QMS3.2\TestReport\InvestigationPlanDev-1247921560.pdf
C:\Windows\System32\config\systemprofile\AppData\Local\Jenkins\.jenkins\QMS3.2\TestReport\InvestigationPlanDev-495599367.pdf
C:\Windows\System32\config\systemprofile\AppData\Local\Jenkins\.jenkins\QMS3.2\TestReport\InvestigationPlanDev-544320752.pdf
C:\Windows\System32\config\systemprofile\AppData\Local\Jenkins\.jenkins\QMS3.2\TestReport\InvestigationPlanDev1194094893.pdf
C:\Windows\System32\config\systemprofile\AppData\Local\Jenkins\.jenkins\QMS3.2\TestReport\InvPerformDev-1155984360.pdf
C:\Windows\System32\config\systemprofile\AppData\Local\Jenkins\.jenkins\QMS3.2\TestReport\InvPerformDev-263408537.pdf
C:\Windows\System32\config\systemprofile\AppData\Local\Jenkins\.jenkins\QMS3.2\TestReport\InvPerformDev1359560629.pdf
C:\Windows\System32\config\systemprofile\AppData\Local\Jenkins\.jenkins\QMS3.2\TestReport\InvPerformDev184077279.pdf
C:\Windows\System32\config\systemprofile\AppData\Local\Jenkins\.jenkins\QMS3.2\TestReport\InvPerformDev548185845.pdf
C:\Windows\System32\config\systemprofile\AppData\Local\Jenkins\.jenkins\QMS3.2\TestReport\InvReviewDev493645733.pdf
C:\Windows\System32\config\systemprofile\AppData\Local\Jenkins\.jenkins\QMS3.2\TestReport\MCCompletion-1084546884.pdf
C:\Windows\System32\config\systemprofile\AppData\Local\Jenkins\.jenkins\QMS3.2\TestReport\MCRegister-1360596893.pdf
C:\Windows\System32\config\systemprofile\AppData\Local\Jenkins\.jenkins\QMS3.2\TestReport\MCRegister296440518.pdf
C:\Windows\System32\config\systemprofile\AppData\Local\Jenkins\.jenkins\QMS3.2\TestReport\MCReInitiate-1856958972.pdf
C:\Windows\System32\config\systemprofile\AppData\Local\Jenkins\.jenkins\QMS3.2\TestReport\PlanExistingCAPA-1810413241.pdf
C:\Windows\System32\config\systemprofile\AppData\Local\Jenkins\.jenkins\QMS3.2\TestReport\QAApproverCAPACAorPA2125987303.pdf
C:\Windows\System32\config\systemprofile\AppData\Local\Jenkins\.jenkins\QMS3.2\TestReport\QAApproverDev577717426.pdf
C:\Windows\System32\config\systemprofile\AppData\Local\Jenkins\.jenkins\QMS3.2\TestReport\QAApproverRAModule-1177544688.pdf
C:\Windows\System32\config\systemprofile\AppData\Local\Jenkins\.jenkins\QMS3.2\TestReport\QAApproverRAModule-769615314.pdf
C:\Windows\System32\config\systemprofile\AppData\Local\Jenkins\.jenkins\QMS3.2\TestReport\QAApproverRAModule-81520831.pdf
C:\Windows\System32\config\systemprofile\AppData\Local\Jenkins\.jenkins\QMS3.2\TestReport\QAApproverRAModule1651837002.pdf
C:\Windows\System32\config\systemprofile\AppData\Local\Jenkins\.jenkins\QMS3.2\TestReport\QAApproverRAModule1998761920.pdf
C:\Windows\System32\config\systemprofile\AppData\Local\Jenkins\.jenkins\QMS3.2\TestReport\QAApproverRAModule780850706.pdf
C:\Windows\System32\config\systemprofile\AppData\Local\Jenkins\.jenkins\QMS3.2\TestReport\QAApproverRejectRA1306388423.pdf
C:\Windows\System32\config\systemprofile\AppData\Local\Jenkins\.jenkins\QMS3.2\TestReport\QAReApproveDev-668908679.pdf
C:\Windows\System32\config\systemprofile\AppData\Local\Jenkins\.jenkins\QMS3.2\TestReport\QAReReviewAfterApproveReject1081265198.pdf
C:\Windows\System32\config\systemprofile\AppData\Local\Jenkins\.jenkins\QMS3.2\TestReport\QAReReviewAfterApproveReject1442864847.pdf
C:\Windows\System32\config\systemprofile\AppData\Local\Jenkins\.jenkins\QMS3.2\TestReport\QAReReviewAfterCustomerResponseReject1230772344.pdf
C:\Windows\System32\config\systemprofile\AppData\Local\Jenkins\.jenkins\QMS3.2\TestReport\QAReReviewDev-670503986.pdf
C:\Windows\System32\config\systemprofile\AppData\Local\Jenkins\.jenkins\QMS3.2\TestReport\QAReReviewMC-1355707055.pdf
C:\Windows\System32\config\systemprofile\AppData\Local\Jenkins\.jenkins\QMS3.2\TestReport\QAReReviewMC705940235.pdf
C:\Windows\System32\config\systemprofile\AppData\Local\Jenkins\.jenkins\QMS3.2\TestReport\QAReReviewRAModule1679845446.pdf
C:\Windows\System32\config\systemprofile\AppData\Local\Jenkins\.jenkins\QMS3.2\TestReport\QAReReviewRAModule997040405.pdf
C:\Windows\System32\config\systemprofile\AppData\Local\Jenkins\.jenkins\QMS3.2\TestReport\QAReviewCAPA-964330724.pdf
C:\Windows\System32\config\systemprofile\AppData\Local\Jenkins\.jenkins\QMS3.2\TestReport\QAReviewCustomerResponseDev803608768.pdf
C:\Windows\System32\config\systemprofile\AppData\Local\Jenkins\.jenkins\QMS3.2\TestReport\QAReviewerAfterCFTReject-522424433.pdf
C:\Windows\System32\config\systemprofile\AppData\Local\Jenkins\.jenkins\QMS3.2\TestReport\QAReviewerAfterNotifyCustomer-1807906823.pdf
C:\Windows\System32\config\systemprofile\AppData\Local\Jenkins\.jenkins\QMS3.2\TestReport\QAReviewerCAPACaorPA-1541858953.pdf
C:\Windows\System32\config\systemprofile\AppData\Local\Jenkins\.jenkins\QMS3.2\TestReport\QAReviewerDev-2146247104.pdf
C:\Windows\System32\config\systemprofile\AppData\Local\Jenkins\.jenkins\QMS3.2\TestReport\QAReviewerDev-285883476.pdf
C:\Windows\System32\config\systemprofile\AppData\Local\Jenkins\.jenkins\QMS3.2\TestReport\QAReviewerMCModule-42202706.pdf
C:\Windows\System32\config\systemprofile\AppData\Local\Jenkins\.jenkins\QMS3.2\TestReport\QAReviewerMCModule380637354.pdf
C:\Windows\System32\config\systemprofile\AppData\Local\Jenkins\.jenkins\QMS3.2\TestReport\QAReviewerNotifyCustomer1482246733.pdf
C:\Windows\System32\config\systemprofile\AppData\Local\Jenkins\.jenkins\QMS3.2\TestReport\QAReviewerNotifyCustomer1662889192.pdf
C:\Windows\System32\config\systemprofile\AppData\Local\Jenkins\.jenkins\QMS3.2\TestReport\QAReviewerNotifyCustomer714439004.pdf
C:\Windows\System32\config\systemprofile\AppData\Local\Jenkins\.jenkins\QMS3.2\TestReport\QAReviewerRAModule-1596827998.pdf
C:\Windows\System32\config\systemprofile\AppData\Local\Jenkins\.jenkins\QMS3.2\TestReport\QAReviewerRAModule2077977223.pdf
C:\Windows\System32\config\systemprofile\AppData\Local\Jenkins\.jenkins\QMS3.2\TestReport\QAReviewNotifyCustomerDev-443789002.pdf
C:\Windows\System32\config\systemprofile\AppData\Local\Jenkins\.jenkins\QMS3.2\TestReport\QAReviewReject-703703785.pdf
C:\Windows\System32\config\systemprofile\AppData\Local\Jenkins\.jenkins\QMS3.2\TestReport\QAReviewRejectMC788451894.pdf
C:\Windows\System32\config\systemprofile\AppData\Local\Jenkins\.jenkins\QMS3.2\TestReport\QAReviewRejectRA2023955293.pdf
C:\Windows\System32\config\systemprofile\AppData\Local\Jenkins\.jenkins\QMS3.2\TestReport\QAReviewWithActionItems-209525174.pdf
C:\Windows\System32\config\systemprofile\AppData\Local\Jenkins\.jenkins\QMS3.2\TestReport\RAApproval-1620663603.pdf
C:\Windows\System32\config\systemprofile\AppData\Local\Jenkins\.jenkins\QMS3.2\TestReport\RAApproval-23394598.pdf
C:\Windows\System32\config\systemprofile\AppData\Local\Jenkins\.jenkins\QMS3.2\TestReport\RAApproval1126645295.pdf
C:\Windows\System32\config\systemprofile\AppData\Local\Jenkins\.jenkins\QMS3.2\TestReport\ReEvaluationInitiation-19230914.pdf
C:\Windows\System32\config\systemprofile\AppData\Local\Jenkins\.jenkins\QMS3.2\TestReport\ReEvaluationReview-471698234.pdf
C:\Windows\System32\config\systemprofile\AppData\Local\Jenkins\.jenkins\QMS3.2\TestReport\RegReviewDev666496024.pdf
C:\Windows\System32\config\systemprofile\AppData\Local\Jenkins\.jenkins\QMS3.2\TestReport\ReInitiateDeviation-714084265.pdf
C:\Windows\System32\config\systemprofile\AppData\Local\Jenkins\.jenkins\QMS3.2\TestReport\ReInitiateDeviation827472442.pdf
C:\Windows\System32\config\systemprofile\AppData\Local\Jenkins\.jenkins\QMS3.2\TestReport\ReInitiateRejected-2046238809.pdf
C:\Windows\System32\config\systemprofile\AppData\Local\Jenkins\.jenkins\QMS3.2\TestReport\ReInitiateRejected-863656883.pdf
C:\Windows\System32\config\systemprofile\AppData\Local\Jenkins\.jenkins\QMS3.2\TestReport\ReInitiateRejected1858042487.pdf
C:\Windows\System32\config\systemprofile\AppData\Local\Jenkins\.jenkins\QMS3.2\TestReport\RiskAcceptanceRAModule607185393.pdf
C:\Windows\System32\config\systemprofile\AppData\Local\Jenkins\.jenkins\QMS3.2\TestReport\RiskAnalysisRAModule-1612611593.pdf
C:\Windows\System32\config\systemprofile\AppData\Local\Jenkins\.jenkins\QMS3.2\TestReport\RiskAnalysisRAModule327361697.pdf
C:\Windows\System32\config\systemprofile\AppData\Local\Jenkins\.jenkins\QMS3.2\TestReport\RiskAnalysisRAModule716295930.pdf
C:\Windows\System32\config\systemprofile\AppData\Local\Jenkins\.jenkins\QMS3.2\TestReport\RiskAssessmentRejectedApprove1906807705.pdf
C:\Windows\System32\config\systemprofile\AppData\Local\Jenkins\.jenkins\QMS3.2\TestReport\RiskIdentification-1739892615.pdf
C:\Windows\System32\config\systemprofile\AppData\Local\Jenkins\.jenkins\QMS3.2\TestReport\RiskIdentification-1941317174.pdf
C:\Windows\System32\config\systemprofile\AppData\Local\Jenkins\.jenkins\QMS3.2\TestReport\RiskIdentification1576678077.pdf
C:\Windows\System32\config\systemprofile\AppData\Local\Jenkins\.jenkins\QMS3.2\TestReport\RiskIdentification957851773.pdf
C:\Windows\System32\config\systemprofile\AppData\Local\Jenkins\.jenkins\QMS3.2\TestReport\RiskIdentificationReject1642199188.pdf
C:\Windows\System32\config\systemprofile\AppData\Local\Jenkins\.jenkins\QMS3.2\TestReport\RiskMitigationRAModule-483463426.pdf
C:\Windows\System32\config\systemprofile\AppData\Local\Jenkins\.jenkins\QMS3.2\TestReport\RiskMitigationRAModule-678972179.pdf
C:\Windows\System32\config\systemprofile\AppData\Local\Jenkins\.jenkins\QMS3.2\TestReport\RiskMitigationRAModule1225400855.pdf
121 File(s) copied

C:\Windows\System32\config\systemprofile\AppData\Local\Jenkins\.jenkins\QMS3.2\PDFsCopy>exit
